mode: set
github.com/xhit/go-simple-mail/smtp.go:51.61,54.16 3 1
github.com/xhit/go-simple-mail/smtp.go:58.2,60.15 3 1
github.com/xhit/go-simple-mail/smtp.go:54.16,57.3 2 0
github.com/xhit/go-simple-mail/smtp.go:64.32,66.2 1 1
github.com/xhit/go-simple-mail/smtp.go:69.32,70.17 1 1
github.com/xhit/go-simple-mail/smtp.go:77.2,77.21 1 1
github.com/xhit/go-simple-mail/smtp.go:70.17,73.17 3 1
github.com/xhit/go-simple-mail/smtp.go:73.17,75.4 1 0
github.com/xhit/go-simple-mail/smtp.go:85.48,86.48 1 1
github.com/xhit/go-simple-mail/smtp.go:89.2,89.16 1 1
github.com/xhit/go-simple-mail/smtp.go:92.2,93.18 2 1
github.com/xhit/go-simple-mail/smtp.go:86.48,88.3 1 0
github.com/xhit/go-simple-mail/smtp.go:89.16,91.3 1 0
github.com/xhit/go-simple-mail/smtp.go:97.95,99.16 2 1
github.com/xhit/go-simple-mail/smtp.go:102.2,105.23 4 1
github.com/xhit/go-simple-mail/smtp.go:99.16,101.3 1 0
github.com/xhit/go-simple-mail/smtp.go:110.31,114.2 3 1
github.com/xhit/go-simple-mail/smtp.go:118.31,120.16 2 1
github.com/xhit/go-simple-mail/smtp.go:123.2,125.22 3 1
github.com/xhit/go-simple-mail/smtp.go:136.2,136.34 1 1
github.com/xhit/go-simple-mail/smtp.go:139.2,140.12 2 1
github.com/xhit/go-simple-mail/smtp.go:120.16,122.3 1 0
github.com/xhit/go-simple-mail/smtp.go:125.22,127.32 2 1
github.com/xhit/go-simple-mail/smtp.go:127.32,129.21 2 1
github.com/xhit/go-simple-mail/smtp.go:129.21,131.5 1 1
github.com/xhit/go-simple-mail/smtp.go:131.10,133.5 1 1
github.com/xhit/go-simple-mail/smtp.go:136.34,138.3 1 1
github.com/xhit/go-simple-mail/smtp.go:145.53,146.34 1 0
github.com/xhit/go-simple-mail/smtp.go:149.2,150.16 2 0
github.com/xhit/go-simple-mail/smtp.go:153.2,156.17 4 0
github.com/xhit/go-simple-mail/smtp.go:146.34,148.3 1 0
github.com/xhit/go-simple-mail/smtp.go:150.16,152.3 1 0
github.com/xhit/go-simple-mail/smtp.go:162.37,163.34 1 1
github.com/xhit/go-simple-mail/smtp.go:166.2,168.16 3 1
github.com/xhit/go-simple-mail/smtp.go:172.2,175.17 4 1
github.com/xhit/go-simple-mail/smtp.go:202.2,202.12 1 1
github.com/xhit/go-simple-mail/smtp.go:163.34,165.3 1 0
github.com/xhit/go-simple-mail/smtp.go:168.16,171.3 2 0
github.com/xhit/go-simple-mail/smtp.go:175.17,177.15 2 1
github.com/xhit/go-simple-mail/smtp.go:186.3,186.17 1 1
github.com/xhit/go-simple-mail/smtp.go:189.3,189.17 1 1
github.com/xhit/go-simple-mail/smtp.go:195.3,195.18 1 1
github.com/xhit/go-simple-mail/smtp.go:198.3,200.46 3 0
github.com/xhit/go-simple-mail/smtp.go:178.12,179.43 1 0
github.com/xhit/go-simple-mail/smtp.go:180.12,182.23 1 1
github.com/xhit/go-simple-mail/smtp.go:183.11,184.50 1 0
github.com/xhit/go-simple-mail/smtp.go:186.17,188.4 1 1
github.com/xhit/go-simple-mail/smtp.go:189.17,193.9 3 0
github.com/xhit/go-simple-mail/smtp.go:195.18,196.9 1 1
github.com/xhit/go-simple-mail/smtp.go:209.42,210.43 1 1
github.com/xhit/go-simple-mail/smtp.go:213.2,213.34 1 1
github.com/xhit/go-simple-mail/smtp.go:216.2,217.18 2 1
github.com/xhit/go-simple-mail/smtp.go:222.2,223.12 2 1
github.com/xhit/go-simple-mail/smtp.go:210.43,212.3 1 0
github.com/xhit/go-simple-mail/smtp.go:213.34,215.3 1 0
github.com/xhit/go-simple-mail/smtp.go:217.18,218.37 1 1
github.com/xhit/go-simple-mail/smtp.go:218.37,220.4 1 0
github.com/xhit/go-simple-mail/smtp.go:229.40,230.41 1 1
github.com/xhit/go-simple-mail/smtp.go:233.2,234.12 2 1
github.com/xhit/go-simple-mail/smtp.go:230.41,232.3 1 0
github.com/xhit/go-simple-mail/smtp.go:242.36,246.2 3 1
github.com/xhit/go-simple-mail/smtp.go:252.49,254.16 2 1
github.com/xhit/go-simple-mail/smtp.go:257.2,257.48 1 1
github.com/xhit/go-simple-mail/smtp.go:254.16,256.3 1 0
github.com/xhit/go-simple-mail/smtp.go:264.55,265.34 1 1
github.com/xhit/go-simple-mail/smtp.go:268.2,268.18 1 1
github.com/xhit/go-simple-mail/smtp.go:271.2,273.18 3 1
github.com/xhit/go-simple-mail/smtp.go:265.34,267.3 1 0
github.com/xhit/go-simple-mail/smtp.go:268.18,270.3 1 0
github.com/xhit/go-simple-mail/smtp.go:278.32,279.34 1 1
github.com/xhit/go-simple-mail/smtp.go:282.2,283.12 2 1
github.com/xhit/go-simple-mail/smtp.go:279.34,281.3 1 0
github.com/xhit/go-simple-mail/smtp.go:288.31,289.34 1 1
github.com/xhit/go-simple-mail/smtp.go:292.2,293.12 2 1
github.com/xhit/go-simple-mail/smtp.go:289.34,291.3 1 0
github.com/xhit/go-simple-mail/smtp.go:297.31,298.34 1 1
github.com/xhit/go-simple-mail/smtp.go:301.2,302.16 2 1
github.com/xhit/go-simple-mail/smtp.go:305.2,305.23 1 1
github.com/xhit/go-simple-mail/smtp.go:298.34,300.3 1 0
github.com/xhit/go-simple-mail/smtp.go:302.16,304.3 1 0
github.com/xhit/go-simple-mail/smtp.go:309.38,310.39 1 1
github.com/xhit/go-simple-mail/smtp.go:313.2,313.12 1 1
github.com/xhit/go-simple-mail/smtp.go:310.39,312.3 1 0
github.com/xhit/go-simple-mail/auth.go:51.64,53.2 1 1
github.com/xhit/go-simple-mail/auth.go:55.71,61.27 1 1
github.com/xhit/go-simple-mail/auth.go:64.2,65.27 2 1
github.com/xhit/go-simple-mail/auth.go:61.27,63.3 1 0
github.com/xhit/go-simple-mail/auth.go:68.72,69.10 1 1
github.com/xhit/go-simple-mail/auth.go:73.2,73.17 1 1
github.com/xhit/go-simple-mail/auth.go:69.10,72.3 1 0
github.com/xhit/go-simple-mail/email.go:81.46,83.2 1 0
github.com/xhit/go-simple-mail/email.go:98.42,100.2 1 1
github.com/xhit/go-simple-mail/email.go:103.22,113.2 3 1
github.com/xhit/go-simple-mail/email.go:116.34,123.2 2 1
github.com/xhit/go-simple-mail/email.go:126.38,128.2 1 1
github.com/xhit/go-simple-mail/email.go:131.52,132.24 1 1
github.com/xhit/go-simple-mail/email.go:136.2,138.14 2 1
github.com/xhit/go-simple-mail/email.go:132.24,134.3 1 0
github.com/xhit/go-simple-mail/email.go:142.54,143.24 1 1
github.com/xhit/go-simple-mail/email.go:147.2,149.14 2 1
github.com/xhit/go-simple-mail/email.go:143.24,145.3 1 0
github.com/xhit/go-simple-mail/email.go:153.55,154.24 1 1
github.com/xhit/go-simple-mail/email.go:158.2,160.14 2 1
github.com/xhit/go-simple-mail/email.go:154.24,156.3 1 0
github.com/xhit/go-simple-mail/email.go:165.58,166.24 1 1
github.com/xhit/go-simple-mail/email.go:170.2,172.14 2 1
github.com/xhit/go-simple-mail/email.go:166.24,168.3 1 0
github.com/xhit/go-simple-mail/email.go:177.55,178.24 1 1
github.com/xhit/go-simple-mail/email.go:182.2,184.14 2 1
github.com/xhit/go-simple-mail/email.go:178.24,180.3 1 0
github.com/xhit/go-simple-mail/email.go:189.55,190.24 1 1
github.com/xhit/go-simple-mail/email.go:194.2,196.14 2 1
github.com/xhit/go-simple-mail/email.go:190.24,192.3 1 0
github.com/xhit/go-simple-mail/email.go:201.56,202.24 1 1
github.com/xhit/go-simple-mail/email.go:206.2,208.14 2 1
github.com/xhit/go-simple-mail/email.go:202.24,204.3 1 0
github.com/xhit/go-simple-mail/email.go:212.77,213.24 1 1
github.com/xhit/go-simple-mail/email.go:217.2,220.93 2 1
github.com/xhit/go-simple-mail/email.go:226.2,226.12 1 1
github.com/xhit/go-simple-mail/email.go:232.2,232.27 1 1
github.com/xhit/go-simple-mail/email.go:288.2,288.14 1 1
github.com/xhit/go-simple-mail/email.go:213.24,215.3 1 0
github.com/xhit/go-simple-mail/email.go:220.93,221.18 1 1
github.com/xhit/go-simple-mail/email.go:221.18,223.4 1 1
github.com/xhit/go-simple-mail/email.go:226.12,229.3 2 0
github.com/xhit/go-simple-mail/email.go:232.27,234.17 2 1
github.com/xhit/go-simple-mail/email.go:240.3,240.10 1 1
github.com/xhit/go-simple-mail/email.go:255.3,255.17 1 1
github.com/xhit/go-simple-mail/email.go:274.3,274.75 1 1
github.com/xhit/go-simple-mail/email.go:282.3,282.49 1 1
github.com/xhit/go-simple-mail/email.go:234.17,237.4 2 0
github.com/xhit/go-simple-mail/email.go:241.48,242.15 1 0
github.com/xhit/go-simple-mail/email.go:243.52,244.15 1 0
github.com/xhit/go-simple-mail/email.go:245.55,246.15 1 0
github.com/xhit/go-simple-mail/email.go:247.61,249.16 2 0
github.com/xhit/go-simple-mail/email.go:250.11,250.11 0 1
github.com/xhit/go-simple-mail/email.go:256.15,257.32 1 1
github.com/xhit/go-simple-mail/email.go:258.17,259.34 1 1
github.com/xhit/go-simple-mail/email.go:260.19,261.35 1 1
github.com/xhit/go-simple-mail/email.go:262.22,263.38 1 1
github.com/xhit/go-simple-mail/email.go:264.11,267.18 2 1
github.com/xhit/go-simple-mail/email.go:267.18,270.5 2 0
github.com/xhit/go-simple-mail/email.go:274.75,279.4 4 0
github.com/xhit/go-simple-mail/email.go:282.49,285.4 1 1
github.com/xhit/go-simple-mail/email.go:292.73,294.32 1 1
github.com/xhit/go-simple-mail/email.go:300.2,300.42 1 1
github.com/xhit/go-simple-mail/email.go:294.32,295.19 1 1
github.com/xhit/go-simple-mail/email.go:295.19,297.4 1 0
github.com/xhit/go-simple-mail/email.go:314.42,316.2 1 1
github.com/xhit/go-simple-mail/email.go:320.59,321.24 1 1
github.com/xhit/go-simple-mail/email.go:325.2,325.18 1 1
github.com/xhit/go-simple-mail/email.go:341.2,341.14 1 1
github.com/xhit/go-simple-mail/email.go:321.24,323.3 1 0
github.com/xhit/go-simple-mail/email.go:326.20,331.5 1 1
github.com/xhit/go-simple-mail/email.go:332.19,337.5 1 1
github.com/xhit/go-simple-mail/email.go:338.10,338.10 0 0
github.com/xhit/go-simple-mail/email.go:348.53,349.24 1 1
github.com/xhit/go-simple-mail/email.go:353.2,357.16 3 1
github.com/xhit/go-simple-mail/email.go:362.2,364.14 2 1
github.com/xhit/go-simple-mail/email.go:349.24,351.3 1 0
github.com/xhit/go-simple-mail/email.go:357.16,360.3 2 0
github.com/xhit/go-simple-mail/email.go:368.55,369.24 1 1
github.com/xhit/go-simple-mail/email.go:373.2,375.14 2 1
github.com/xhit/go-simple-mail/email.go:369.24,371.3 1 0
github.com/xhit/go-simple-mail/email.go:379.62,380.24 1 1
github.com/xhit/go-simple-mail/email.go:384.2,391.14 2 1
github.com/xhit/go-simple-mail/email.go:380.24,382.3 1 0
github.com/xhit/go-simple-mail/email.go:395.71,396.24 1 1
github.com/xhit/go-simple-mail/email.go:401.2,401.21 1 1
github.com/xhit/go-simple-mail/email.go:406.2,406.16 1 1
github.com/xhit/go-simple-mail/email.go:431.2,431.14 1 1
github.com/xhit/go-simple-mail/email.go:396.24,398.3 1 0
github.com/xhit/go-simple-mail/email.go:401.21,404.3 2 0
github.com/xhit/go-simple-mail/email.go:407.16,408.14 1 0
github.com/xhit/go-simple-mail/email.go:409.14,410.14 1 0
github.com/xhit/go-simple-mail/email.go:411.12,412.14 1 0
github.com/xhit/go-simple-mail/email.go:413.13,414.14 1 0
github.com/xhit/go-simple-mail/email.go:415.12,416.14 1 0
github.com/xhit/go-simple-mail/email.go:417.18,418.14 1 0
github.com/xhit/go-simple-mail/email.go:419.21,420.40 1 0
github.com/xhit/go-simple-mail/email.go:421.14,422.22 1 0
github.com/xhit/go-simple-mail/email.go:426.3,426.27 1 0
github.com/xhit/go-simple-mail/email.go:427.10,428.33 1 1
github.com/xhit/go-simple-mail/email.go:422.22,425.4 2 0
github.com/xhit/go-simple-mail/email.go:435.69,436.24 1 1
github.com/xhit/go-simple-mail/email.go:440.2,440.38 1 1
github.com/xhit/go-simple-mail/email.go:444.2,444.14 1 1
github.com/xhit/go-simple-mail/email.go:436.24,438.3 1 0
github.com/xhit/go-simple-mail/email.go:440.38,442.3 1 1
github.com/xhit/go-simple-mail/email.go:451.69,452.24 1 1
github.com/xhit/go-simple-mail/email.go:456.2,463.14 2 1
github.com/xhit/go-simple-mail/email.go:452.24,454.3 1 0
github.com/xhit/go-simple-mail/email.go:468.71,469.24 1 1
github.com/xhit/go-simple-mail/email.go:473.2,473.19 1 1
github.com/xhit/go-simple-mail/email.go:478.2,480.14 2 1
github.com/xhit/go-simple-mail/email.go:469.24,471.3 1 0
github.com/xhit/go-simple-mail/email.go:473.19,476.3 2 0
github.com/xhit/go-simple-mail/email.go:485.77,486.24 1 1
github.com/xhit/go-simple-mail/email.go:490.2,490.39 1 1
github.com/xhit/go-simple-mail/email.go:495.2,497.14 2 1
github.com/xhit/go-simple-mail/email.go:486.24,488.3 1 0
github.com/xhit/go-simple-mail/email.go:490.39,493.3 2 0
github.com/xhit/go-simple-mail/email.go:502.67,503.24 1 1
github.com/xhit/go-simple-mail/email.go:507.2,507.19 1 1
github.com/xhit/go-simple-mail/email.go:512.2,514.14 2 1
github.com/xhit/go-simple-mail/email.go:503.24,505.3 1 0
github.com/xhit/go-simple-mail/email.go:507.19,510.3 2 0
github.com/xhit/go-simple-mail/email.go:518.73,521.16 2 1
github.com/xhit/go-simple-mail/email.go:526.2,527.20 2 1
github.com/xhit/go-simple-mail/email.go:532.2,535.20 2 1
github.com/xhit/go-simple-mail/email.go:539.2,539.12 1 1
github.com/xhit/go-simple-mail/email.go:553.2,553.12 1 1
github.com/xhit/go-simple-mail/email.go:521.16,523.3 1 0
github.com/xhit/go-simple-mail/email.go:527.20,529.3 1 0
github.com/xhit/go-simple-mail/email.go:535.20,537.3 1 0
github.com/xhit/go-simple-mail/email.go:539.12,545.3 1 1
github.com/xhit/go-simple-mail/email.go:545.8,551.3 1 1
github.com/xhit/go-simple-mail/email.go:557.66,561.16 2 1
github.com/xhit/go-simple-mail/email.go:566.2,567.20 2 1
github.com/xhit/go-simple-mail/email.go:571.2,577.12 2 1
github.com/xhit/go-simple-mail/email.go:561.16,563.3 1 0
github.com/xhit/go-simple-mail/email.go:567.20,569.3 1 1
github.com/xhit/go-simple-mail/email.go:581.38,583.16 2 1
github.com/xhit/go-simple-mail/email.go:593.2,593.13 1 1
github.com/xhit/go-simple-mail/email.go:583.16,585.17 2 1
github.com/xhit/go-simple-mail/email.go:585.17,587.18 2 1
github.com/xhit/go-simple-mail/email.go:587.18,589.5 1 0
github.com/xhit/go-simple-mail/email.go:596.41,598.2 1 1
github.com/xhit/go-simple-mail/email.go:600.43,602.2 1 1
github.com/xhit/go-simple-mail/email.go:604.47,606.2 1 1
github.com/xhit/go-simple-mail/email.go:609.41,612.26 2 1
github.com/xhit/go-simple-mail/email.go:616.2,616.28 1 1
github.com/xhit/go-simple-mail/email.go:620.2,620.32 1 1
github.com/xhit/go-simple-mail/email.go:624.2,624.35 1 1
github.com/xhit/go-simple-mail/email.go:628.2,628.32 1 1
github.com/xhit/go-simple-mail/email.go:632.2,633.28 2 1
github.com/xhit/go-simple-mail/email.go:637.2,638.26 2 1
github.com/xhit/go-simple-mail/email.go:642.2,642.45 1 1
github.com/xhit/go-simple-mail/email.go:612.26,614.3 1 1
github.com/xhit/go-simple-mail/email.go:616.28,618.3 1 1
github.com/xhit/go-simple-mail/email.go:620.32,622.3 1 1
github.com/xhit/go-simple-mail/email.go:624.35,626.3 1 1
github.com/xhit/go-simple-mail/email.go:628.32,630.3 1 1
github.com/xhit/go-simple-mail/email.go:633.28,635.3 1 1
github.com/xhit/go-simple-mail/email.go:638.26,640.3 1 1
github.com/xhit/go-simple-mail/email.go:646.56,648.24 1 1
github.com/xhit/go-simple-mail/email.go:652.2,652.31 1 1
github.com/xhit/go-simple-mail/email.go:656.2,658.60 2 1
github.com/xhit/go-simple-mail/email.go:648.24,650.3 1 0
github.com/xhit/go-simple-mail/email.go:652.31,654.3 1 0
github.com/xhit/go-simple-mail/email.go:663.97,670.20 4 1
github.com/xhit/go-simple-mail/email.go:677.2,677.16 1 1
github.com/xhit/go-simple-mail/email.go:681.2,683.16 2 1
github.com/xhit/go-simple-mail/email.go:687.2,687.15 1 1
github.com/xhit/go-simple-mail/email.go:671.21,672.47 1 0
github.com/xhit/go-simple-mail/email.go:673.10,674.39 1 1
github.com/xhit/go-simple-mail/email.go:677.16,679.3 1 0
github.com/xhit/go-simple-mail/email.go:683.16,685.3 1 0
github.com/xhit/go-simple-mail/email.go:692.115,696.16 2 1
github.com/xhit/go-simple-mail/email.go:701.2,701.44 1 1
github.com/xhit/go-simple-mail/email.go:707.2,707.33 1 1
github.com/xhit/go-simple-mail/email.go:721.2,721.17 1 1
github.com/xhit/go-simple-mail/email.go:730.2,730.15 1 1
github.com/xhit/go-simple-mail/email.go:696.16,698.3 1 0
github.com/xhit/go-simple-mail/email.go:701.44,704.3 2 0
github.com/xhit/go-simple-mail/email.go:707.33,708.43 1 0
github.com/xhit/go-simple-mail/email.go:708.43,709.31 1 0
github.com/xhit/go-simple-mail/email.go:713.4,713.44 1 0
github.com/xhit/go-simple-mail/email.go:709.31,711.5 1 0
github.com/xhit/go-simple-mail/email.go:713.44,716.5 2 0
github.com/xhit/go-simple-mail/email.go:721.17,722.39 1 1
github.com/xhit/go-simple-mail/email.go:722.39,723.38 1 1
github.com/xhit/go-simple-mail/email.go:723.38,726.5 2 0
github.com/xhit/go-simple-mail/email.go:734.58,738.52 2 1
github.com/xhit/go-simple-mail/email.go:742.2,747.32 4 1
github.com/xhit/go-simple-mail/email.go:756.2,756.32 1 1
github.com/xhit/go-simple-mail/email.go:771.2,775.8 1 1
github.com/xhit/go-simple-mail/email.go:738.52,740.3 1 1
github.com/xhit/go-simple-mail/email.go:747.32,749.13 2 1
github.com/xhit/go-simple-mail/email.go:749.13,753.4 2 1
github.com/xhit/go-simple-mail/email.go:756.32,759.3 1 0
github.com/xhit/go-simple-mail/email.go:759.8,761.10 1 1
github.com/xhit/go-simple-mail/email.go:762.35,763.18 1 1
github.com/xhit/go-simple-mail/email.go:766.44,767.67 1 0
github.com/xhit/go-simple-mail/email.go:763.18,765.5 1 0
github.com/xhit/go-simple-mail/email.go:779.79,782.23 1 1
github.com/xhit/go-simple-mail/email.go:840.2,840.58 1 0
github.com/xhit/go-simple-mail/email.go:782.23,785.31 1 1
github.com/xhit/go-simple-mail/email.go:785.31,790.23 3 1
github.com/xhit/go-simple-mail/email.go:829.4,829.11 1 1
github.com/xhit/go-simple-mail/email.go:790.23,792.40 1 1
github.com/xhit/go-simple-mail/email.go:798.5,798.32 1 1
github.com/xhit/go-simple-mail/email.go:806.5,807.19 2 1
github.com/xhit/go-simple-mail/email.go:813.5,814.19 2 1
github.com/xhit/go-simple-mail/email.go:819.5,820.19 2 1
github.com/xhit/go-simple-mail/email.go:825.5,825.27 1 1
github.com/xhit/go-simple-mail/email.go:792.40,795.6 2 0
github.com/xhit/go-simple-mail/email.go:798.32,799.44 1 1
github.com/xhit/go-simple-mail/email.go:799.44,802.7 2 0
github.com/xhit/go-simple-mail/email.go:807.19,810.6 2 0
github.com/xhit/go-simple-mail/email.go:814.19,817.6 2 0
github.com/xhit/go-simple-mail/email.go:820.19,823.6 2 0
github.com/xhit/go-simple-mail/email.go:830.40,832.21 2 1
github.com/xhit/go-simple-mail/email.go:833.46,835.57 2 0
github.com/xhit/go-simple-mail/email.go:844.45,845.26 1 1
github.com/xhit/go-simple-mail/email.go:845.26,847.3 1 1
github.com/xhit/go-simple-mail/email.go:847.8,850.3 2 1
github.com/xhit/go-simple-mail/message.go:28.40,35.2 1 1
github.com/xhit/go-simple-mail/message.go:37.70,55.2 4 1
github.com/xhit/go-simple-mail/message.go:58.51,60.49 1 1
github.com/xhit/go-simple-mail/message.go:65.2,65.42 1 1
github.com/xhit/go-simple-mail/message.go:69.2,71.8 2 1
github.com/xhit/go-simple-mail/message.go:60.49,62.3 1 1
github.com/xhit/go-simple-mail/message.go:65.42,67.3 1 1
github.com/xhit/go-simple-mail/message.go:75.54,81.13 3 1
github.com/xhit/go-simple-mail/message.go:88.2,88.8 1 1
github.com/xhit/go-simple-mail/message.go:81.13,86.3 2 1
github.com/xhit/go-simple-mail/message.go:93.53,97.61 2 1
github.com/xhit/go-simple-mail/message.go:102.2,102.13 1 1
github.com/xhit/go-simple-mail/message.go:97.61,100.3 2 1
github.com/xhit/go-simple-mail/message.go:106.57,113.20 3 1
github.com/xhit/go-simple-mail/message.go:121.2,121.13 1 1
github.com/xhit/go-simple-mail/message.go:113.20,115.3 1 1
github.com/xhit/go-simple-mail/message.go:115.8,119.3 3 1
github.com/xhit/go-simple-mail/message.go:125.38,126.19 1 1
github.com/xhit/go-simple-mail/message.go:126.19,129.3 2 1
github.com/xhit/go-simple-mail/message.go:133.39,145.2 5 1
github.com/xhit/go-simple-mail/message.go:148.35,158.2 5 1
github.com/xhit/go-simple-mail/message.go:167.61,170.43 2 1
github.com/xhit/go-simple-mail/message.go:185.2,189.8 4 1
github.com/xhit/go-simple-mail/message.go:170.43,182.3 6 1
github.com/xhit/go-simple-mail/message.go:192.88,195.2 2 1
github.com/xhit/go-simple-mail/message.go:197.63,199.20 1 1
github.com/xhit/go-simple-mail/message.go:199.20,200.38 1 1
github.com/xhit/go-simple-mail/message.go:200.38,202.4 1 1
github.com/xhit/go-simple-mail/message.go:203.8,205.3 1 1
github.com/xhit/go-simple-mail/message.go:208.63,210.18 1 1
github.com/xhit/go-simple-mail/message.go:211.31,212.33 1 1
github.com/xhit/go-simple-mail/message.go:213.22,214.37 1 1
github.com/xhit/go-simple-mail/message.go:215.10,216.23 1 0
github.com/xhit/go-simple-mail/message.go:220.62,227.2 5 1
github.com/xhit/go-simple-mail/message.go:231.36,233.2 1 1
github.com/xhit/go-simple-mail/message.go:235.58,237.29 2 1
github.com/xhit/go-simple-mail/message.go:237.29,241.13 4 1
github.com/xhit/go-simple-mail/message.go:248.3,248.41 1 1
github.com/xhit/go-simple-mail/message.go:241.13,244.4 2 1
github.com/xhit/go-simple-mail/message.go:244.9,246.4 1 1
